<?xml version="1.0" encoding="UTF-8"?>
<!-- Generated by org.testng.reporters.JUnitReportReporter -->
<testsuite hostname="ANGU" failures="0" tests="2" name="files.testScripts" time="1.068" errors="0" timestamp="2022-07-13T10:30:00 IST" skipped="0">
  <testcase classname="files.testScripts" name="validateOneWicketKeeper" time="0.416"/>
  <system-out/>
  <testcase classname="files.testScripts" name="validateForeignPlayersCount" time="0.652"/>
  <system-out/>
</testsuite> <!-- files.testScripts -->
